import { registerInstance as __stencil_registerInstance } from "@stencil/core";
import { h } from "@stencil/core";
export const LvlMention = class {
    constructor(hostRef) {
        __stencil_registerInstance(this, hostRef);
    }
    render() {
        this.mention = {
            backgroundColorGradientEnd: "#cccccc",
            backgroundColorGradientStart: "#1a2548",
            iconURL: "https://cdn.levels.one/uploads/images/squared/media/2019/04/30/f5dac1606b6d11e99cb24954302eff43.png",
            id: 44694,
            linkedID: 7571,
            object: "MentionResource",
            replaceWith: "@New Location Suggestions",
            string: "@addtolevels",
            textColor: "#dff5ff",
            type: "HASHTAG",
            suffixIcon: "HASHTAG",
            suffixIconURL: "HASHTAG",
            uuid: "2991f4f0-baee-11ea-abf8-8da229846497",
        };
        console.log(this.mention);
        return h("span", { class: "mention", style: {
                'background': 'linear-gradient(123deg, ' + this.mention.backgroundColorGradientStart + ', ' + this.mention.backgroundColorGradientEnd + ')',
            } }, h("a", { class: "prefixIcon" }), h("img", { class: "icon", src: this.mention.iconURL }), h("a", { class: "text", style: {
                'color': this.mention.textColor,
            } }, this.mention.replaceWith), h("a", { class: "suffixIcon" }));
    }
    getSuffixIconUrl() {
        switch (this.mention.suffixIcon) {
            case "asterisk":
            case "checkmark":
            case "contacts":
            case "crown":
            case "crown":
        }
    }
    getPreixIconUrl() {
        if (this.mention && this.mention.text) {
            return this.mention.text;
        }
        return null;
    }
    static get style() { return "STYLE_TEXT_PLACEHOLDER:lvl-mention"; }
};
