import { registerInstance as __stencil_registerInstance } from "@stencil/core";
import { h } from "@stencil/core";
export const LvlAvatar = class {
    constructor(hostRef) {
        __stencil_registerInstance(this, hostRef);
        this.bottomRight = 'https://cdn.levels.one/resources/graphics/avatars/bright-hashtag-lg.180425T0000.png';
        this.bottomLeft = null;
    }
    render() {
        this.bottomLeft = this.getIcon();
        console.log(this.topRight, this.bottomRight, this.topLeft, this.bottomLeft, this.online);
        return h("div", { class: "avatar-container" }, h("img", { class: "avatar", src: this.getAvatar() }), !this.topLeft ? null : h("img", { class: "icon top left", src: this.topLeft }), !this.bottomRight ? null : h("img", { class: "icon bottom right", src: this.bottomRight }), this.online ? h("div", { class: "icon top right online" }) : null);
    }
    getAvatar() {
        if (!this.user)
            return 'https://cdn.levels.one/resources/graphics/avatars/bright-hashtag-lg.180425T0000.png';
        if (this.user.avatarImageUrl)
            return this.user.avatarImageUrl;
        if (this.user.avatarImageUrlThumb)
            return this.user.avatarImageUrlThumb;
        if (this.user.profileImageUrl)
            return this.user.profileImageUrl;
        if (this.user.imageUrl)
            return this.user.imageUrl;
        if (this.user.avatarUrl)
            return this.user.avatarUrl;
        return 'https://cdn.levels.one/resources/graphics/avatars/bright-hashtag-lg.180425T0000.png';
    }
    getIcon() {
        if (!this.user)
            return null;
        if (this.user.iconUrl)
            return this.user.iconUrl;
        if (this.user.profileIconUrl)
            return this.user.profileIconUrl;
        if (this.user.profileBadgeImageUrl)
            return this.user.profileBadgeImageUrl;
        if (this.user.profileBadgeUrl)
            return this.user.profileBadgeUrl;
        return null;
    }
    static get style() { return "STYLE_TEXT_PLACEHOLDER:avatar-component"; }
};
