import { registerInstance as __stencil_registerInstance } from "@stencil/core";
import { h } from "@stencil/core";
export const LvlAvatar = class {
    constructor(hostRef) {
        __stencil_registerInstance(this, hostRef);
    }
    render() {
        return h("div", { class: "avatar-container" }, h("img", { class: "avatar", src: "https://i.pinimg.com/originals/c7/33/34/c73334b38e58406b1404c579a41eae64.jpg" }), this.topRight ? h("img", { class: "icon top left", src: "https://s3-us-west-2.amazonaws.com/s.cdpn.io/t-185/12-avatar.128x.png" }) : null, h("img", { class: "icon top left", src: "https://s3-us-west-2.amazonaws.com/s.cdpn.io/t-185/12-avatar.128x.png" }), h("img", { class: "icon top right", src: "https://s3-us-west-2.amazonaws.com/s.cdpn.io/t-185/12-avatar.128x.png" }), h("img", { class: "icon bottom left", src: "https://s3-us-west-2.amazonaws.com/s.cdpn.io/t-185/12-avatar.128x.png" }), h("img", { class: "icon bottom right", src: "https://s3-us-west-2.amazonaws.com/s.cdpn.io/t-185/12-avatar.128x.png" }), h("div", { class: "icon top right online" }));
    }
    getStatus(statusString, position) {
        console.log(statusString, position);
        if (!statusString) {
            return (null);
        }
        let style = {};
        switch (position) {
            case 'topRight':
                style = { right: '2px', top: '2px' };
                break;
            case 'bottomRight':
                style = { right: '2px', bottom: '2px' };
                break;
            case 'bottomLeft':
                style = { left: '2px', bottom: '2px' };
                break;
            case 'topLeft':
                style = { left: '2px', top: '2px' };
                break;
        }
        if (statusString.startsWith('#')) {
            style['background-color'] = statusString;
            return h("div", { class: "status-dot", style: style });
        }
        return h("img", { class: "status-item", style: style, src: statusString });
    }
    static get style() { return "STYLE_TEXT_PLACEHOLDER:avatar-component"; }
};
